app/build/intermediates/manifest_merge_blame_file/debug/processDebugMainManifest/manifest-merger-blame-debug-report.txt
1<?xml version="1.0" encoding="utf-8"?>
2<manifest xmlns:android="http://schemas.android.com/apk/res/android"
3    package="com.duopoly.app"
4    android:versionCode="1"
5    android:versionName="1.0" >
6
7    <uses-sdk
8        android:minSdkVersion="26"
9        android:targetSdkVersion="34" />
10
11    <permission
11-->[androidx.core:core:1.12.0] AndroidManifest.xml:22:5-24:47
12        android:name="com.duopoly.app.DYNAMIC_RECEIVER_NOT_EXPORTED_PERMISSION"
12-->[androidx.core:core:1.12.0] AndroidManifest.xml:23:9-81
13        android:protectionLevel="signature" />
13-->[androidx.core:core:1.12.0] AndroidManifest.xml:24:9-44
14
15    <uses-permission android:name="com.duopoly.app.DYNAMIC_RECEIVER_NOT_EXPORTED_PERMISSION" />
15-->[androidx.core:core:1.12.0] AndroidManifest.xml:26:5-97
15-->[androidx.core:core:1.12.0] AndroidManifest.xml:26:22-94
16
17    <application
17-->src\main\AndroidManifest.xml:5:5-43:19
18        android:name="com.duopoly.app.DuopolyApp"
18-->src\main\AndroidManifest.xml:6:9-35
19        android:allowBackup="true"
19-->src\main\AndroidManifest.xml:7:9-35
20        android:appComponentFactory="androidx.core.app.CoreComponentFactory"
20-->[androidx.core:core:1.12.0] AndroidManifest.xml:28:18-86
21        android:dataExtractionRules="@xml/data_extraction_rules"
21-->src\main\AndroidManifest.xml:8:9-65
22        android:debuggable="true"
23        android:extractNativeLibs="true"
24        android:fullBackupContent="@xml/backup_rules"
24-->src\main\AndroidManifest.xml:9:9-54
25        android:label="Duopoly"
25-->src\main\AndroidManifest.xml:10:9-32
26        android:supportsRtl="true"
26-->src\main\AndroidManifest.xml:11:9-35
27        android:testOnly="true"
28        android:theme="@style/Theme.Duopoly" >
28-->src\main\AndroidManifest.xml:12:9-45
29        <activity
29-->src\main\AndroidManifest.xml:15:9-24:20
30            android:name="com.duopoly.app.MainActivity"
30-->src\main\AndroidManifest.xml:16:13-41
31            android:exported="true"
31-->src\main\AndroidManifest.xml:17:13-36
32            android:label="Duopoly"
32-->src\main\AndroidManifest.xml:18:13-36
33            android:theme="@style/Theme.Duopoly" >
33-->src\main\AndroidManifest.xml:19:13-49
34            <intent-filter>
34-->src\main\AndroidManifest.xml:20:13-23:29
35                <action android:name="android.intent.action.MAIN" />
35-->src\main\AndroidManifest.xml:21:17-69
35-->src\main\AndroidManifest.xml:21:25-66
36
37                <category android:name="android.intent.category.LAUNCHER" />
37-->src\main\AndroidManifest.xml:22:17-77
37-->src\main\AndroidManifest.xml:22:27-74
38            </intent-filter>
39        </activity>
40
41        <!-- Actividad del motor Godot (Usamos nuestra implementación concreta) -->
42        <activity
42-->src\main\AndroidManifest.xml:27:9-41:20
43            android:name="com.duopoly.app.DuopolyGodotActivity"
43-->src\main\AndroidManifest.xml:28:13-49
44            android:configChanges="orientation|keyboardHidden|screenSize|smallestScreenSize|screenLayout|density|uiMode"
44-->src\main\AndroidManifest.xml:29:13-121
45            android:exported="false"
45-->src\main\AndroidManifest.xml:30:13-37
46            android:label="Duopoly Game View"
46-->src\main\AndroidManifest.xml:31:13-46
47            android:launchMode="singleTask"
47-->src\main\AndroidManifest.xml:32:13-44
48            android:screenOrientation="sensorPortrait"
48-->src\main\AndroidManifest.xml:34:13-55
49            android:theme="@android:style/Theme.NoTitleBar.Fullscreen" >
49-->src\main\AndroidManifest.xml:33:13-71
50            <meta-data
50-->src\main\AndroidManifest.xml:35:13-37:47
51                android:name="org.godotengine.godot.main_pack"
51-->src\main\AndroidManifest.xml:36:17-63
52                android:value="Duopoly.pck" />
52-->src\main\AndroidManifest.xml:37:17-44
53            <meta-data
53-->src\main\AndroidManifest.xml:38:13-40:68
54                android:name="org.godotengine.plugin.v1.DuopolyBridge"
54-->src\main\AndroidManifest.xml:39:17-71
55                android:value="com.duopoly.bridge.DuopolyBridge" />
55-->src\main\AndroidManifest.xml:40:17-65
56        </activity>
57
58        <!-- Records the version of the Godot library -->
59        <meta-data
59-->[org.godotengine:godot:4.3.0.stable] AndroidManifest.xml:12:9-14:44
60            android:name="org.godotengine.library.version"
60-->[org.godotengine:godot:4.3.0.stable] AndroidManifest.xml:13:13-59
61            android:value="4.3.0.stable" />
61-->[org.godotengine:godot:4.3.0.stable] AndroidManifest.xml:14:13-41
62
63        <service android:name="org.godotengine.godot.GodotDownloaderService" />
63-->[org.godotengine:godot:4.3.0.stable] AndroidManifest.xml:16:9-80
63-->[org.godotengine:godot:4.3.0.stable] AndroidManifest.xml:16:18-77
64
65        <activity
65-->[org.godotengine:godot:4.3.0.stable] AndroidManifest.xml:18:9-22:75
66            android:name="org.godotengine.godot.utils.ProcessPhoenix"
66-->[org.godotengine:godot:4.3.0.stable] AndroidManifest.xml:19:13-70
67            android:exported="false"
67-->[org.godotengine:godot:4.3.0.stable] AndroidManifest.xml:20:13-37
68            android:process=":phoenix"
68-->[org.godotengine:godot:4.3.0.stable] AndroidManifest.xml:21:13-39
69            android:theme="@android:style/Theme.Translucent.NoTitleBar" />
69-->[org.godotengine:godot:4.3.0.stable] AndroidManifest.xml:22:13-72
70
71        <provider
71-->[org.godotengine:godot:4.3.0.stable] AndroidManifest.xml:24:9-32:20
72            android:name="androidx.core.content.FileProvider"
72-->[org.godotengine:godot:4.3.0.stable] AndroidManifest.xml:25:13-62
73            android:authorities="com.duopoly.app.fileprovider"
73-->[org.godotengine:godot:4.3.0.stable] AndroidManifest.xml:26:13-64
74            android:exported="false"
74-->[org.godotengine:godot:4.3.0.stable] AndroidManifest.xml:27:13-37
75            android:grantUriPermissions="true" >
75-->[org.godotengine:godot:4.3.0.stable] AndroidManifest.xml:28:13-47
76            <meta-data
76-->[org.godotengine:godot:4.3.0.stable] AndroidManifest.xml:29:13-31:64
77                android:name="android.support.FILE_PROVIDER_PATHS"
77-->[org.godotengine:godot:4.3.0.stable] AndroidManifest.xml:30:17-67
78                android:resource="@xml/godot_provider_paths" />
78-->[org.godotengine:godot:4.3.0.stable] AndroidManifest.xml:31:17-61
79        </provider>
80        <provider
80-->[androidx.emoji2:emoji2:1.4.0] AndroidManifest.xml:24:9-32:20
81            android:name="androidx.startup.InitializationProvider"
81-->[androidx.emoji2:emoji2:1.4.0] AndroidManifest.xml:25:13-67
82            android:authorities="com.duopoly.app.androidx-startup"
82-->[androidx.emoji2:emoji2:1.4.0] AndroidManifest.xml:26:13-68
83            android:exported="false" >
83-->[androidx.emoji2:emoji2:1.4.0] AndroidManifest.xml:27:13-37
84            <meta-data
84-->[androidx.emoji2:emoji2:1.4.0] AndroidManifest.xml:29:13-31:52
85                android:name="androidx.emoji2.text.EmojiCompatInitializer"
85-->[androidx.emoji2:emoji2:1.4.0] AndroidManifest.xml:30:17-75
86                android:value="androidx.startup" />
86-->[androidx.emoji2:emoji2:1.4.0] AndroidManifest.xml:31:17-49
87            <meta-data
87-->[androidx.lifecycle:lifecycle-process:2.7.0] AndroidManifest.xml:29:13-31:52
88                android:name="androidx.lifecycle.ProcessLifecycleInitializer"
88-->[androidx.lifecycle:lifecycle-process:2.7.0] AndroidManifest.xml:30:17-78
89                android:value="androidx.startup" />
89-->[androidx.lifecycle:lifecycle-process:2.7.0] AndroidManifest.xml:31:17-49
90            <meta-data
90-->[androidx.profileinstaller:profileinstaller:1.3.1] AndroidManifest.xml:29:13-31:52
91                android:name="androidx.profileinstaller.ProfileInstallerInitializer"
91-->[androidx.profileinstaller:profileinstaller:1.3.1] AndroidManifest.xml:30:17-85
92                android:value="androidx.startup" />
92-->[androidx.profileinstaller:profileinstaller:1.3.1] AndroidManifest.xml:31:17-49
93        </provider>
94
95        <receiver
95-->[androidx.profileinstaller:profileinstaller:1.3.1] AndroidManifest.xml:34:9-52:20
96            android:name="androidx.profileinstaller.ProfileInstallReceiver"
96-->[androidx.profileinstaller:profileinstaller:1.3.1] AndroidManifest.xml:35:13-76
97            android:directBootAware="false"
97-->[androidx.profileinstaller:profileinstaller:1.3.1] AndroidManifest.xml:36:13-44
98            android:enabled="true"
98-->[androidx.profileinstaller:profileinstaller:1.3.1] AndroidManifest.xml:37:13-35
99            android:exported="true"
99-->[androidx.profileinstaller:profileinstaller:1.3.1] AndroidManifest.xml:38:13-36
100            android:permission="android.permission.DUMP" >
100-->[androidx.profileinstaller:profileinstaller:1.3.1] AndroidManifest.xml:39:13-57
101            <intent-filter>
101-->[androidx.profileinstaller:profileinstaller:1.3.1] AndroidManifest.xml:40:13-42:29
102                <action android:name="androidx.profileinstaller.action.INSTALL_PROFILE" />
102-->[androidx.profileinstaller:profileinstaller:1.3.1] AndroidManifest.xml:41:17-91
102-->[androidx.profileinstaller:profileinstaller:1.3.1] AndroidManifest.xml:41:25-88
103            </intent-filter>
104            <intent-filter>
104-->[androidx.profileinstaller:profileinstaller:1.3.1] AndroidManifest.xml:43:13-45:29
105                <action android:name="androidx.profileinstaller.action.SKIP_FILE" />
105-->[androidx.profileinstaller:profileinstaller:1.3.1] AndroidManifest.xml:44:17-85
105-->[androidx.profileinstaller:profileinstaller:1.3.1] AndroidManifest.xml:44:25-82
106            </intent-filter>
107            <intent-filter>
107-->[androidx.profileinstaller:profileinstaller:1.3.1] AndroidManifest.xml:46:13-48:29
108                <action android:name="androidx.profileinstaller.action.SAVE_PROFILE" />
108-->[androidx.profileinstaller:profileinstaller:1.3.1] AndroidManifest.xml:47:17-88
108-->[androidx.profileinstaller:profileinstaller:1.3.1] AndroidManifest.xml:47:25-85
109            </intent-filter>
110            <intent-filter>
110-->[androidx.profileinstaller:profileinstaller:1.3.1] AndroidManifest.xml:49:13-51:29
111                <action android:name="androidx.profileinstaller.action.BENCHMARK_OPERATION" />
111-->[androidx.profileinstaller:profileinstaller:1.3.1] AndroidManifest.xml:50:17-95
111-->[androidx.profileinstaller:profileinstaller:1.3.1] AndroidManifest.xml:50:25-92
112            </intent-filter>
113        </receiver>
114    </application>
115
116</manifest>